2020-07-06 17:09:29 Error: [Cake\Database\Exception\MissingConnectionException] Connection to Sqlite could not be established: SQLSTATE[HY000] [14] unable to open database file in C:\wamp64\www\cakeStart\cakeStore\vendor\cakephp\cakephp\src\Database\Driver.php on line 121
Exception Attributes: array (
  'driver' => 'Sqlite',
  'reason' => 'SQLSTATE[HY000] [14] unable to open database file',
)
Stack Trace:
- C:\wamp64\www\cakeStart\cakeStore\vendor\cakephp\cakephp\src\Database\Driver\Sqlite.php:128
- C:\wamp64\www\cakeStart\cakeStore\vendor\cakephp\cakephp\src\Database\Schema\SchemaDialect.php:47
- C:\wamp64\www\cakeStart\cakeStore\vendor\cakephp\cakephp\src\Database\Driver\Sqlite.php:209
- C:\wamp64\www\cakeStart\cakeStore\vendor\cakephp\cakephp\src\Database\Schema\Collection.php:53
- C:\wamp64\www\cakeStart\cakeStore\vendor\cakephp\cakephp\src\Database\Connection.php:399
- C:\wamp64\www\cakeStart\cakeStore\vendor\cakephp\debug_kit\src\Model\Table\LazyTableTrait.php:44
- C:\wamp64\www\cakeStart\cakeStore\vendor\cakephp\debug_kit\src\Model\Table\RequestsTable.php:55
- C:\wamp64\www\cakeStart\cakeStore\vendor\cakephp\cakephp\src\ORM\Table.php:318
- C:\wamp64\www\cakeStart\cakeStore\vendor\cakephp\cakephp\src\ORM\Locator\TableLocator.php:245
- C:\wamp64\www\cakeStart\cakeStore\vendor\cakephp\cakephp\src\ORM\Locator\TableLocator.php:200
- C:\wamp64\www\cakeStart\cakeStore\vendor\cakephp\cakephp\src\Datasource\Locator\AbstractLocator.php:59
- C:\wamp64\www\cakeStart\cakeStore\vendor\cakephp\cakephp\src\ORM\Locator\TableLocator.php:155
- C:\wamp64\www\cakeStart\cakeStore\vendor\cakephp\debug_kit\src\ToolbarService.php:243
- C:\wamp64\www\cakeStart\cakeStore\vendor\cakephp\debug_kit\src\Middleware\DebugKitMiddleware.php:66
- C:\wamp64\www\cakeStart\cakeStore\vendor\cakephp\cakephp\src\Http\Runner.php:73
- C:\wamp64\www\cakeStart\cakeStore\vendor\cakephp\cakephp\src\Http\Runner.php:58
- C:\wamp64\www\cakeStart\cakeStore\vendor\cakephp\cakephp\src\Http\Server.php:90
- C:\wamp64\www\cakeStart\cakeStore\webroot\index.php:40

Caused by: [PDOException] SQLSTATE[HY000] [14] unable to open database file in C:\wamp64\www\cakeStart\cakeStore\vendor\cakephp\cakephp\src\Database\Driver.php on line 118
Stack Trace:
- C:\wamp64\www\cakeStart\cakeStore\vendor\cakephp\cakephp\src\Database\Driver.php:118
- C:\wamp64\www\cakeStart\cakeStore\vendor\cakephp\cakephp\src\Database\Driver\Sqlite.php:128
- C:\wamp64\www\cakeStart\cakeStore\vendor\cakephp\cakephp\src\Database\Schema\SchemaDialect.php:47
- C:\wamp64\www\cakeStart\cakeStore\vendor\cakephp\cakephp\src\Database\Driver\Sqlite.php:209
- C:\wamp64\www\cakeStart\cakeStore\vendor\cakephp\cakephp\src\Database\Schema\Collection.php:53
- C:\wamp64\www\cakeStart\cakeStore\vendor\cakephp\cakephp\src\Database\Connection.php:399
- C:\wamp64\www\cakeStart\cakeStore\vendor\cakephp\debug_kit\src\Model\Table\LazyTableTrait.php:44
- C:\wamp64\www\cakeStart\cakeStore\vendor\cakephp\debug_kit\src\Model\Table\RequestsTable.php:55
- C:\wamp64\www\cakeStart\cakeStore\vendor\cakephp\cakephp\src\ORM\Table.php:318
- C:\wamp64\www\cakeStart\cakeStore\vendor\cakephp\cakephp\src\ORM\Locator\TableLocator.php:245
- C:\wamp64\www\cakeStart\cakeStore\vendor\cakephp\cakephp\src\ORM\Locator\TableLocator.php:200
- C:\wamp64\www\cakeStart\cakeStore\vendor\cakephp\cakephp\src\Datasource\Locator\AbstractLocator.php:59
- C:\wamp64\www\cakeStart\cakeStore\vendor\cakephp\cakephp\src\ORM\Locator\TableLocator.php:155
- C:\wamp64\www\cakeStart\cakeStore\vendor\cakephp\debug_kit\src\ToolbarService.php:243
- C:\wamp64\www\cakeStart\cakeStore\vendor\cakephp\debug_kit\src\Middleware\DebugKitMiddleware.php:66
- C:\wamp64\www\cakeStart\cakeStore\vendor\cakephp\cakephp\src\Http\Runner.php:73
- C:\wamp64\www\cakeStart\cakeStore\vendor\cakephp\cakephp\src\Http\Runner.php:58
- C:\wamp64\www\cakeStart\cakeStore\vendor\cakephp\cakephp\src\Http\Server.php:90
- C:\wamp64\www\cakeStart\cakeStore\webroot\index.php:40

Request URL: /
Referer URL: http://localhost/cakeStart/


